In file included from /usr/include/c++/8/vector:64,
                 from /usr/include/boost/asio/detail/impl/service_registry.ipp:19,
                 from /usr/include/boost/asio/detail/service_registry.hpp:143,
                 from /usr/include/boost/asio/impl/io_service.hpp:19,
                 from /usr/include/boost/asio/io_service.hpp:767,
                 from /usr/include/boost/asio/basic_io_object.hpp:19,
                 from /usr/include/boost/asio/basic_socket.hpp:20,
                 from /usr/include/boost/asio/basic_datagram_socket.hpp:20,
                 from /usr/include/boost/asio.hpp:21,
                 from gpio_boost_timer.cpp:2:
/usr/include/c++/8/bits/stl_vector.h: In member function ‘void std::vector<_Tp, _Alloc>::push_back(const value_type&) [with _Tp = boost::asio::detail::timer_queue<boost::asio::detail::forwarding_posix_time_traits>::heap_entry; _Alloc = std::allocator<boost::asio::detail::timer_queue<boost::asio::detail::forwarding_posix_time_traits>::heap_entry>]’:
/usr/include/c++/8/bits/stl_vector.h:1085:4: note: parameter passing for argument of type ‘__gnu_cxx::__normal_iterator<boost::asio::detail::timer_queue<boost::asio::detail::forwarding_posix_time_traits>::heap_entry*, std::vector<boost::asio::detail::timer_queue<boost::asio::detail::forwarding_posix_time_traits>::heap_entry, std::allocator<boost::asio::detail::timer_queue<boost::asio::detail::forwarding_posix_time_traits>::heap_entry> > >’ changed in GCC 7.1
    _M_realloc_insert(end(), __x);
    ^~~~~~~~~~~~~~~~~
In file included from /usr/include/c++/8/vector:69,
                 from /usr/include/boost/asio/detail/impl/service_registry.ipp:19,
                 from /usr/include/boost/asio/detail/service_registry.hpp:143,
                 from /usr/include/boost/asio/impl/io_service.hpp:19,
                 from /usr/include/boost/asio/io_service.hpp:767,
                 from /usr/include/boost/asio/basic_io_object.hpp:19,
                 from /usr/include/boost/asio/basic_socket.hpp:20,
                 from /usr/include/boost/asio/basic_datagram_socket.hpp:20,
                 from /usr/include/boost/asio.hpp:21,
                 from gpio_boost_timer.cpp:2:
/usr/include/c++/8/bits/vector.tcc: In member function ‘void std::vector<_Tp, _Alloc>::_M_realloc_insert(std::vector<_Tp, _Alloc>::iterator, _Args&& ...) [with _Args = {const boost::asio::detail::timer_queue<boost::asio::detail::forwarding_posix_time_traits>::heap_entry&}; _Tp = boost::asio::detail::timer_queue<boost::asio::detail::forwarding_posix_time_traits>::heap_entry; _Alloc = std::allocator<boost::asio::detail::timer_queue<boost::asio::detail::forwarding_posix_time_traits>::heap_entry>]’:
/usr/include/c++/8/bits/vector.tcc:413:7: note: parameter passing for argument of type ‘std::vector<boost::asio::detail::timer_queue<boost::asio::detail::forwarding_posix_time_traits>::heap_entry, std::allocator<boost::asio::detail::timer_queue<boost::asio::detail::forwarding_posix_time_traits>::heap_entry> >::iterator’ {aka ‘__gnu_cxx::__normal_iterator<boost::asio::detail::timer_queue<boost::asio::detail::forwarding_posix_time_traits>::heap_entry*, std::vector<boost::asio::detail::timer_queue<boost::asio::detail::forwarding_posix_time_traits>::heap_entry, std::allocator<boost::asio::detail::timer_queue<boost::asio::detail::forwarding_posix_time_traits>::heap_entry> > >’} changed in GCC 7.1
       vector<_Tp, _Alloc>::
       ^~~~~~~~~~~~~~~~~~~
In file included from /usr/include/c++/8/memory:65,
                 from /usr/include/boost/asio/detail/addressof.hpp:21,
                 from /usr/include/boost/asio/detail/handler_alloc_helpers.hpp:19,
                 from /usr/include/boost/asio/detail/bind_handler.hpp:19,
                 from /usr/include/boost/asio/detail/wrapped_handler.hpp:18,
                 from /usr/include/boost/asio/io_service.hpp:24,
                 from /usr/include/boost/asio/basic_io_object.hpp:19,
                 from /usr/include/boost/asio/basic_socket.hpp:20,
                 from /usr/include/boost/asio/basic_datagram_socket.hpp:20,
                 from /usr/include/boost/asio.hpp:21,
                 from gpio_boost_timer.cpp:2:
/usr/include/c++/8/bits/stl_uninitialized.h: In function ‘_ForwardIterator std::__uninitialized_move_if_noexcept_a(_InputIterator, _InputIterator, _ForwardIterator, _Allocator&) [with _InputIterator = boost::asio::detail::timer_queue<boost::asio::detail::forwarding_posix_time_traits>::heap_entry*; _ForwardIterator = boost::asio::detail::timer_queue<boost::asio::detail::forwarding_posix_time_traits>::heap_entry*; _Allocator = std::allocator<boost::asio::detail::timer_queue<boost::asio::detail::forwarding_posix_time_traits>::heap_entry>]’:
/usr/include/c++/8/bits/stl_uninitialized.h:311:2: note: parameter passing for argument of type ‘std::move_iterator<boost::asio::detail::timer_queue<boost::asio::detail::forwarding_posix_time_traits>::heap_entry*>’ changed in GCC 7.1
       return std::__uninitialized_copy_a
              ~~~~~~~~~~~~~~~~~~~~~~~~~~~
  (_GLIBCXX_MAKE_MOVE_IF_NOEXCEPT_ITERATOR(__first),
  ^~~~~~~~~~~~~~~~~~~~~~~~~~~~~~~~~~~~~~~~~~~~~~~~~~
   _GLIBCXX_MAKE_MOVE_IF_NOEXCEPT_ITERATOR(__last), __result, __alloc);
   ~~~~~~~~~~~~~~~~~~~~~~~~~~~~~~~~~~~~~~~~~~~~~~~~~~~~~~~~~~~~~~~~~~~
/usr/include/c++/8/bits/stl_uninitialized.h: In function ‘_ForwardIterator std::__uninitialized_copy_a(_InputIterator, _InputIterator, _ForwardIterator, std::allocator<_Tp>&) [with _InputIterator = std::move_iterator<boost::asio::detail::timer_queue<boost::asio::detail::forwarding_posix_time_traits>::heap_entry*>; _ForwardIterator = boost::asio::detail::timer_queue<boost::asio::detail::forwarding_posix_time_traits>::heap_entry*; _Tp = boost::asio::detail::timer_queue<boost::asio::detail::forwarding_posix_time_traits>::heap_entry]’:
/usr/include/c++/8/bits/stl_uninitialized.h:287:5: note: parameter passing for argument of type ‘std::move_iterator<boost::asio::detail::timer_queue<boost::asio::detail::forwarding_posix_time_traits>::heap_entry*>’ changed in GCC 7.1
     __uninitialized_copy_a(_InputIterator __first, _InputIterator __last,
     ^~~~~~~~~~~~~~~~~~~~~~
/usr/include/c++/8/bits/stl_uninitialized.h:287:5: note: parameter passing for argument of type ‘std::move_iterator<boost::asio::detail::timer_queue<boost::asio::detail::forwarding_posix_time_traits>::heap_entry*>’ changed in GCC 7.1
/usr/include/c++/8/bits/stl_uninitialized.h:289:37: note: parameter passing for argument of type ‘std::move_iterator<boost::asio::detail::timer_queue<boost::asio::detail::forwarding_posix_time_traits>::heap_entry*>’ changed in GCC 7.1
     { return std::uninitialized_copy(__first, __last, __result); }
              ~~~~~~~~~~~~~~~~~~~~~~~^~~~~~~~~~~~~~~~~~~~~~~~~~~
/usr/include/c++/8/bits/stl_uninitialized.h: In function ‘_ForwardIterator std::uninitialized_copy(_InputIterator, _InputIterator, _ForwardIterator) [with _InputIterator = std::move_iterator<boost::asio::detail::timer_queue<boost::asio::detail::forwarding_posix_time_traits>::heap_entry*>; _ForwardIterator = boost::asio::detail::timer_queue<boost::asio::detail::forwarding_posix_time_traits>::heap_entry*]’:
/usr/include/c++/8/bits/stl_uninitialized.h:115:5: note: parameter passing for argument of type ‘std::move_iterator<boost::asio::detail::timer_queue<boost::asio::detail::forwarding_posix_time_traits>::heap_entry*>’ changed in GCC 7.1
     uninitialized_copy(_InputIterator __first, _InputIterator __last,
     ^~~~~~~~~~~~~~~~~~
/usr/include/c++/8/bits/stl_uninitialized.h:115:5: note: parameter passing for argument of type ‘std::move_iterator<boost::asio::detail::timer_queue<boost::asio::detail::forwarding_posix_time_traits>::heap_entry*>’ changed in GCC 7.1
/usr/include/c++/8/bits/stl_uninitialized.h:134:15: note: parameter passing for argument of type ‘std::move_iterator<boost::asio::detail::timer_queue<boost::asio::detail::forwarding_posix_time_traits>::heap_entry*>’ changed in GCC 7.1
       return std::__uninitialized_copy<__is_trivial(_ValueType1)
              ~~~~~~~~~~~~~~~~~~~~~~~~~~~~~~~~~~~~~~~~~~~~~~~~~~~
            && __is_trivial(_ValueType2)
            ~~~~~~~~~~~~~~~~~~~~~~~~~~~~
            && __assignable>::
            ~~~~~~~~~~~~~~~~~~
  __uninit_copy(__first, __last, __result);
  ~~~~~~~~~~~~~^~~~~~~~~~~~~~~~~~~~~~~~~~~
/usr/include/c++/8/bits/stl_uninitialized.h: In static member function ‘static _ForwardIterator std::__uninitialized_copy<_TrivialValueTypes>::__uninit_copy(_InputIterator, _InputIterator, _ForwardIterator) [with _InputIterator = std::move_iterator<boost::asio::detail::timer_queue<boost::asio::detail::forwarding_posix_time_traits>::heap_entry*>; _ForwardIterator = boost::asio::detail::timer_queue<boost::asio::detail::forwarding_posix_time_traits>::heap_entry*; bool _TrivialValueTypes = false]’:
/usr/include/c++/8/bits/stl_uninitialized.h:76:9: note: parameter passing for argument of type ‘std::move_iterator<boost::asio::detail::timer_queue<boost::asio::detail::forwarding_posix_time_traits>::heap_entry*>’ changed in GCC 7.1
         __uninit_copy(_InputIterator __first, _InputIterator __last,
         ^~~~~~~~~~~~~
/usr/include/c++/8/bits/stl_uninitialized.h:76:9: note: parameter passing for argument of type ‘std::move_iterator<boost::asio::detail::timer_queue<boost::asio::detail::forwarding_posix_time_traits>::heap_entry*>’ changed in GCC 7.1
